misnapworkflow/build/outputs/logs/manifest-merger-debug-report.txt
-- Merging decision tree log ---
manifest
ADDED from src\main\AndroidManifest.xml:2:1-16:12
INJECTED from src\main\AndroidManifest.xml:2:1-16:12
INJECTED from src\main\AndroidManifest.xml:2:1-16:12
	package
		ADDED from src\main\AndroidManifest.xml:3:5-53
		INJECTED from src\main\AndroidManifest.xml
		INJECTED from src\main\AndroidManifest.xml
	xmlns:android
		ADDED from src\main\AndroidManifest.xml:2:11-69
application
ADDED from src\main\AndroidManifest.xml:5:5-14:19
activity#com.miteksystems.misnap.misnapworkflow.MiSnapWorkflowActivity
ADDED from src\main\AndroidManifest.xml:6:9-13:58
	android:screenOrientation
		ADDED from src\main\AndroidManifest.xml:12:13-56
	android:process
		ADDED from src\main\AndroidManifest.xml:11:13-38
	android:launchMode
		ADDED from src\main\AndroidManifest.xml:9:13-42
	android:hardwareAccelerated
		ADDED from src\main\AndroidManifest.xml:10:13-47
	android:configChanges
		ADDED from src\main\AndroidManifest.xml:8:13-81
	android:theme
		ADDED from src\main\AndroidManifest.xml:13:13-55
	android:name
		ADDED from src\main\AndroidManifest.xml:7:13-51
uses-sdk
INJECTED from src\main\AndroidManifest.xml reason: use-sdk injection requested
INJECTED from src\main\AndroidManifest.xml
INJECTED from src\main\AndroidManifest.xml
INJECTED from src\main\AndroidManifest.xml
INJECTED from src\main\AndroidManifest.xml
	android:targetSdkVersion
		INJECTED from src\main\AndroidManifest.xml
		ADDED from src\main\AndroidManifest.xml
		INJECTED from src\main\AndroidManifest.xml
	android:minSdkVersion
		INJECTED from src\main\AndroidManifest.xml
		ADDED from src\main\AndroidManifest.xml
		INJECTED from src\main\AndroidManifest.xml